<?xml version="1.0" encoding="UTF-8"?>
<testng-results ignored="0" total="31" passed="28" failed="3" skipped="0">
  <reporter-output>
  </reporter-output>
  <suite started-at="2023-05-10T21:57:54 KGT" name="Command line suite" finished-at="2023-05-10T21:58:20 KGT" duration-ms="26337">
    <groups>
      <group name="SmokeTest">
        <method signature="LoginTest.verifyUserCanLogin(java.lang.String)[pri:0, instance:com.automation.testcases.LoginTest@682b2fa]" name="verifyUserCanLogin" class="com.automation.testcases.LoginTest"/>
        <method signature="LoginTest.verifyUserCanResetPassword()[pri:0, instance:com.automation.testcases.LoginTest@682b2fa]" name="verifyUserCanResetPassword" class="com.automation.testcases.LoginTest"/>
      </group> <!-- SmokeTest -->
      <group name="ChiragTest">
        <method signature="LoginTest.verifyUserCanLogin(java.lang.String)[pri:0, instance:com.automation.testcases.LoginTest@682b2fa]" name="verifyUserCanLogin" class="com.automation.testcases.LoginTest"/>
        <method signature="LoginTest.verifyUserCannotLoginWithInvalidCredentials()[pri:0, instance:com.automation.testcases.LoginTest@682b2fa]" name="verifyUserCannotLoginWithInvalidCredentials" class="com.automation.testcases.LoginTest"/>
      </group> <!-- ChiragTest -->
      <group name="WIPTest">
        <method signature="LoginTest.verifyUserCannotLoginWithInvalidCredentials()[pri:0, instance:com.automation.testcases.LoginTest@682b2fa]" name="verifyUserCannotLoginWithInvalidCredentials" class="com.automation.testcases.LoginTest"/>
      </group> <!-- WIPTest -->
    </groups>
    <test started-at="2023-05-10T21:57:54 KGT" name="Command line test" finished-at="2023-05-10T21:58:20 KGT" duration-ms="26337">
      <class name="com.automation.testcases.ExamplePriorityAndDependencyTest">
        <test-method signature="test1()[pri:-50, instance:com.automation.testcases.ExamplePriorityAndDependencyTest@f5958c9]" started-at="2023-05-10T21:58:20 KGT" name="test1" finished-at="2023-05-10T21:58:20 KGT" duration-ms="1" status="PASS">
          <reporter-output>
          </reporter-output>
        </test-method> <!-- test1 -->
        <test-method signature="test2()[pri:0, instance:com.automation.testcases.ExamplePriorityAndDependencyTest@f5958c9]" started-at="2023-05-10T21:58:20 KGT" name="test2" finished-at="2023-05-10T21:58:20 KGT" depends-on-methods="com.automation.testcases.ExamplePriorityAndDependencyTest.test1" duration-ms="0" status="PASS">
          <reporter-output>
          </reporter-output>
        </test-method> <!-- test2 -->
        <test-method signature="test3()[pri:2, instance:com.automation.testcases.ExamplePriorityAndDependencyTest@f5958c9]" started-at="2023-05-10T21:58:20 KGT" name="test3" finished-at="2023-05-10T21:58:20 KGT" depends-on-methods="com.automation.testcases.ExamplePriorityAndDependencyTest.test2" duration-ms="0" status="PASS">
          <reporter-output>
          </reporter-output>
        </test-method> <!-- test3 -->
        <test-method signature="test4()[pri:3, instance:com.automation.testcases.ExamplePriorityAndDependencyTest@f5958c9]" started-at="2023-05-10T21:58:20 KGT" name="test4" finished-at="2023-05-10T21:58:20 KGT" depends-on-methods="com.automation.testcases.ExamplePriorityAndDependencyTest.test3" duration-ms="1" status="PASS">
          <reporter-output>
          </reporter-output>
        </test-method> <!-- test4 -->
        <test-method signature="test5()[pri:-100, instance:com.automation.testcases.ExamplePriorityAndDependencyTest@f5958c9]" started-at="2023-05-10T21:58:20 KGT" name="test5" finished-at="2023-05-10T21:58:20 KGT" depends-on-methods="com.automation.testcases.ExamplePriorityAndDependencyTest.test4" duration-ms="0" status="PASS">
          <reporter-output>
          </reporter-output>
        </test-method> <!-- test5 -->
      </class> <!-- com.automation.testcases.ExamplePriorityAndDependencyTest -->
      <class name="com.automation.testcases.LoginTest">
        <test-method is-config="true" signature="setUp()[pri:0, instance:com.automation.testcases.LoginTest@682b2fa]" started-at="2023-05-10T21:58:02 KGT" name="setUp" finished-at="2023-05-10T21:58:08 KGT" duration-ms="5956" status="PASS">
          <reporter-output>
          </reporter-output>
        </test-method> <!-- setUp -->
        <test-method signature="verifyUserCanLogin(java.lang.String)[pri:0, instance:com.automation.testcases.LoginTest@682b2fa]" started-at="2023-05-10T21:58:08 KGT" name="verifyUserCanLogin" finished-at="2023-05-10T21:58:08 KGT" duration-ms="0" status="FAIL">
          <exception class="org.testng.TestNGException">
            <message>
              <![CDATA[
Parameter 'browser' is required by @Test on method verifyUserCanLogin but has not been marked @Optional or defined
]]>
            </message>
            <full-stacktrace>
              <![CDATA[org.testng.TestNGException: 
Parameter 'browser' is required by @Test on method verifyUserCanLogin but has not been marked @Optional or defined

at org.testng.internal.Parameters.createParams(Parameters.java:270)
at org.testng.internal.Parameters.createParametersForMethod(Parameters.java:358)
at org.testng.internal.Parameters.createParameters(Parameters.java:700)
at org.testng.internal.Parameters.handleParameters(Parameters.java:884)
at org.testng.internal.Parameters.handleParameters(Parameters.java:740)
at org.testng.internal.ParameterHandler.handleParameters(ParameterHandler.java:59)
at org.testng.internal.ParameterHandler.createParameters(ParameterHandler.java:38)
at org.testng.internal.TestInvoker$MethodInvocationAgent.invoke(TestInvoker.java:791)
at org.testng.internal.TestInvoker.invokeTestMethods(TestInvoker.java:146)
at org.testng.internal.TestMethodWorker.invokeTestMethods(TestMethodWorker.java:146)
at org.testng.internal.TestMethodWorker.run(TestMethodWorker.java:128)
at java.base/java.util.ArrayList.forEach(ArrayList.java:1541)
at org.testng.TestRunner.privateRun(TestRunner.java:794)
at org.testng.TestRunner.run(TestRunner.java:596)
at org.testng.SuiteRunner.runTest(SuiteRunner.java:377)
at org.testng.SuiteRunner.runSequentially(SuiteRunner.java:371)
at org.testng.SuiteRunner.privateRun(SuiteRunner.java:332)
at org.testng.SuiteRunner.run(SuiteRunner.java:276)
at org.testng.SuiteRunnerWorker.runSuite(SuiteRunnerWorker.java:53)
at org.testng.SuiteRunnerWorker.run(SuiteRunnerWorker.java:96)
at org.testng.TestNG.runSuitesSequentially(TestNG.java:1212)
at org.testng.TestNG.runSuitesLocally(TestNG.java:1134)
at org.testng.TestNG.runSuites(TestNG.java:1063)
at org.testng.TestNG.run(TestNG.java:1031)
at org.apache.maven.surefire.testng.TestNGExecutor.run(TestNGExecutor.java:77)
at org.apache.maven.surefire.testng.TestNGDirectoryTestSuite.executeMulti(TestNGDirectoryTestSuite.java:159)
at org.apache.maven.surefire.testng.TestNGDirectoryTestSuite.execute(TestNGDirectoryTestSuite.java:99)
at org.apache.maven.surefire.testng.TestNGProvider.invoke(TestNGProvider.java:106)
at java.base/jdk.internal.reflect.NativeMethodAccessorImpl.invoke0(Native Method)
at java.base/jdk.internal.reflect.NativeMethodAccessorImpl.invoke(NativeMethodAccessorImpl.java:62)
at java.base/jdk.internal.reflect.DelegatingMethodAccessorImpl.invoke(DelegatingMethodAccessorImpl.java:43)
at java.base/java.lang.reflect.Method.invoke(Method.java:566)
at org.apache.maven.surefire.util.ReflectionUtils.invokeMethodWithArray(ReflectionUtils.java:189)
at org.apache.maven.surefire.booter.ProviderFactory$ProviderProxy.invoke(ProviderFactory.java:165)
at org.apache.maven.surefire.booter.ProviderFactory.invokeProvider(ProviderFactory.java:85)
at org.apache.maven.surefire.booter.ForkedBooter.runSuitesInProcess(ForkedBooter.java:115)
at org.apache.maven.surefire.booter.ForkedBooter.main(ForkedBooter.java:75)
]]>
            </full-stacktrace>
          </exception> <!-- org.testng.TestNGException -->
          <reporter-output>
          </reporter-output>
        </test-method> <!-- verifyUserCanLogin -->
        <test-method signature="verifyUserCanResetPassword()[pri:0, instance:com.automation.testcases.LoginTest@682b2fa]" started-at="2023-05-10T21:58:08 KGT" name="verifyUserCanResetPassword" finished-at="2023-05-10T21:58:08 KGT" duration-ms="0" status="PASS">
          <reporter-output>
          </reporter-output>
        </test-method> <!-- verifyUserCanResetPassword -->
        <test-method signature="verifyUserCannotLoginWithInvalidCredentials()[pri:0, instance:com.automation.testcases.LoginTest@682b2fa]" started-at="2023-05-10T21:58:08 KGT" name="verifyUserCannotLoginWithInvalidCredentials" finished-at="2023-05-10T21:58:08 KGT" duration-ms="0" status="PASS">
          <reporter-output>
          </reporter-output>
        </test-method> <!-- verifyUserCannotLoginWithInvalidCredentials -->
        <test-method is-config="true" signature="cleanUp()[pri:0, instance:com.automation.testcases.LoginTest@682b2fa]" started-at="2023-05-10T21:58:08 KGT" name="cleanUp" finished-at="2023-05-10T21:58:08 KGT" duration-ms="493" status="PASS">
          <reporter-output>
          </reporter-output>
        </test-method> <!-- cleanUp -->
      </class> <!-- com.automation.testcases.LoginTest -->
      <class name="com.automation.testcases.DivTest">
        <test-method signature="divTest(int,int)[pri:0, instance:com.automation.testcases.DivTest@139982de]" started-at="2023-05-10T21:58:02 KGT" name="divTest" data-provider="invalidData" finished-at="2023-05-10T21:58:02 KGT" duration-ms="1" status="PASS">
          <params>
            <param index="0">
              <value>
                <![CDATA[-5]]>
              </value>
            </param>
            <param index="1">
              <value>
                <![CDATA[5]]>
              </value>
            </param>
          </params>
          <reporter-output>
          </reporter-output>
        </test-method> <!-- divTest -->
        <test-method signature="divTest(int,int)[pri:0, instance:com.automation.testcases.DivTest@139982de]" started-at="2023-05-10T21:58:02 KGT" name="divTest" data-provider="invalidData" finished-at="2023-05-10T21:58:02 KGT" duration-ms="0" status="PASS">
          <params>
            <param index="0">
              <value>
                <![CDATA[0]]>
              </value>
            </param>
            <param index="1">
              <value>
                <![CDATA[100]]>
              </value>
            </param>
          </params>
          <reporter-output>
          </reporter-output>
        </test-method> <!-- divTest -->
        <test-method signature="divTest(int,int)[pri:0, instance:com.automation.testcases.DivTest@139982de]" started-at="2023-05-10T21:58:02 KGT" name="divTest" data-provider="invalidData" finished-at="2023-05-10T21:58:02 KGT" duration-ms="0" status="PASS">
          <params>
            <param index="0">
              <value>
                <![CDATA[25]]>
              </value>
            </param>
            <param index="1">
              <value>
                <![CDATA[-5]]>
              </value>
            </param>
          </params>
          <reporter-output>
          </reporter-output>
        </test-method> <!-- divTest -->
        <test-method signature="divTest(int,int)[pri:0, instance:com.automation.testcases.DivTest@139982de]" started-at="2023-05-10T21:58:02 KGT" name="divTest" data-provider="invalidData" finished-at="2023-05-10T21:58:02 KGT" duration-ms="0" status="PASS">
          <params>
            <param index="0">
              <value>
                <![CDATA[10]]>
              </value>
            </param>
            <param index="1">
              <value>
                <![CDATA[2]]>
              </value>
            </param>
          </params>
          <reporter-output>
          </reporter-output>
        </test-method> <!-- divTest -->
        <test-method signature="divTest(int,int)[pri:0, instance:com.automation.testcases.DivTest@139982de]" started-at="2023-05-10T21:58:02 KGT" name="divTest" data-provider="invalidData" finished-at="2023-05-10T21:58:02 KGT" duration-ms="0" status="FAIL">
          <params>
            <param index="0">
              <value>
                <![CDATA[10]]>
              </value>
            </param>
            <param index="1">
              <value>
                <![CDATA[0]]>
              </value>
            </param>
          </params>
          <exception class="java.lang.ArithmeticException">
            <message>
              <![CDATA[/ by zero]]>
            </message>
            <full-stacktrace>
              <![CDATA[java.lang.ArithmeticException: / by zero
at com.automation.testcases.DivTest.divTest(DivTest.java:23)
at java.base/jdk.internal.reflect.NativeMethodAccessorImpl.invoke0(Native Method)
at java.base/jdk.internal.reflect.NativeMethodAccessorImpl.invoke(NativeMethodAccessorImpl.java:62)
at java.base/jdk.internal.reflect.DelegatingMethodAccessorImpl.invoke(DelegatingMethodAccessorImpl.java:43)
at java.base/java.lang.reflect.Method.invoke(Method.java:566)
at org.testng.internal.MethodInvocationHelper.invokeMethod(MethodInvocationHelper.java:133)
at org.testng.internal.TestInvoker.invokeMethod(TestInvoker.java:598)
at org.testng.internal.TestInvoker.invokeTestMethod(TestInvoker.java:173)
at org.testng.internal.MethodRunner.runInSequence(MethodRunner.java:46)
at org.testng.internal.TestInvoker$MethodInvocationAgent.invoke(TestInvoker.java:824)
at org.testng.internal.TestInvoker.invokeTestMethods(TestInvoker.java:146)
at org.testng.internal.TestMethodWorker.invokeTestMethods(TestMethodWorker.java:146)
at org.testng.internal.TestMethodWorker.run(TestMethodWorker.java:128)
at java.base/java.util.ArrayList.forEach(ArrayList.java:1541)
at org.testng.TestRunner.privateRun(TestRunner.java:794)
at org.testng.TestRunner.run(TestRunner.java:596)
at org.testng.SuiteRunner.runTest(SuiteRunner.java:377)
at org.testng.SuiteRunner.runSequentially(SuiteRunner.java:371)
at org.testng.SuiteRunner.privateRun(SuiteRunner.java:332)
at org.testng.SuiteRunner.run(SuiteRunner.java:276)
at org.testng.SuiteRunnerWorker.runSuite(SuiteRunnerWorker.java:53)
at org.testng.SuiteRunnerWorker.run(SuiteRunnerWorker.java:96)
at org.testng.TestNG.runSuitesSequentially(TestNG.java:1212)
at org.testng.TestNG.runSuitesLocally(TestNG.java:1134)
at org.testng.TestNG.runSuites(TestNG.java:1063)
at org.testng.TestNG.run(TestNG.java:1031)
at org.apache.maven.surefire.testng.TestNGExecutor.run(TestNGExecutor.java:77)
at org.apache.maven.surefire.testng.TestNGDirectoryTestSuite.executeMulti(TestNGDirectoryTestSuite.java:159)
at org.apache.maven.surefire.testng.TestNGDirectoryTestSuite.execute(TestNGDirectoryTestSuite.java:99)
at org.apache.maven.surefire.testng.TestNGProvider.invoke(TestNGProvider.java:106)
at java.base/jdk.internal.reflect.NativeMethodAccessorImpl.invoke0(Native Method)
at java.base/jdk.internal.reflect.NativeMethodAccessorImpl.invoke(NativeMethodAccessorImpl.java:62)
at java.base/jdk.internal.reflect.DelegatingMethodAccessorImpl.invoke(DelegatingMethodAccessorImpl.java:43)
at java.base/java.lang.reflect.Method.invoke(Method.java:566)
at org.apache.maven.surefire.util.ReflectionUtils.invokeMethodWithArray(ReflectionUtils.java:189)
at org.apache.maven.surefire.booter.ProviderFactory$ProviderProxy.invoke(ProviderFactory.java:165)
at org.apache.maven.surefire.booter.ProviderFactory.invokeProvider(ProviderFactory.java:85)
at org.apache.maven.surefire.booter.ForkedBooter.runSuitesInProcess(ForkedBooter.java:115)
at org.apache.maven.surefire.booter.ForkedBooter.main(ForkedBooter.java:75)
]]>
            </full-stacktrace>
          </exception> <!-- java.lang.ArithmeticException -->
          <reporter-output>
          </reporter-output>
        </test-method> <!-- divTest -->
        <test-method signature="divTest(int,int)[pri:0, instance:com.automation.testcases.DivTest@139982de]" started-at="2023-05-10T21:58:02 KGT" name="divTest" data-provider="invalidData" finished-at="2023-05-10T21:58:02 KGT" duration-ms="0" status="PASS">
          <params>
            <param index="0">
              <value>
                <![CDATA[36]]>
              </value>
            </param>
            <param index="1">
              <value>
                <![CDATA[6]]>
              </value>
            </param>
          </params>
          <reporter-output>
          </reporter-output>
        </test-method> <!-- divTest -->
      </class> <!-- com.automation.testcases.DivTest -->
      <class name="com.automation.testcases.DataDrivenTest">
        <test-method signature="verifyLoginSuccessfulWithValidCred()[pri:0, instance:com.automation.testcases.DataDrivenTest@31190526]" started-at="2023-05-10T21:58:08 KGT" name="verifyLoginSuccessfulWithValidCred" finished-at="2023-05-10T21:58:08 KGT" duration-ms="0" status="PASS">
          <reporter-output>
          </reporter-output>
        </test-method> <!-- verifyLoginSuccessfulWithValidCred -->
        <test-method signature="verifyLoginUnsuccessfulWithInvalidCredentials(java.lang.String,java.lang.String)[pri:0, instance:com.automation.testcases.DataDrivenTest@31190526]" started-at="2023-05-10T21:58:08 KGT" name="verifyLoginUnsuccessfulWithInvalidCredentials" data-provider="invalidData" finished-at="2023-05-10T21:58:08 KGT" duration-ms="1" status="FAIL">
          <params>
            <param index="0">
              <value>
                <![CDATA[admin]]>
              </value>
            </param>
            <param index="1">
              <value>
                <![CDATA[admin123]]>
              </value>
            </param>
          </params>
          <exception class="java.lang.AssertionError">
            <message>
              <![CDATA[expected [false] but found [true]]]>
            </message>
            <full-stacktrace>
              <![CDATA[java.lang.AssertionError: expected [false] but found [true]
at org.testng.Assert.fail(Assert.java:99)
at org.testng.Assert.failNotEquals(Assert.java:1037)
at org.testng.Assert.assertEqualsImpl(Assert.java:140)
at org.testng.Assert.assertEquals(Assert.java:122)
at org.testng.Assert.assertEquals(Assert.java:819)
at org.testng.Assert.assertEquals(Assert.java:829)
at com.automation.testcases.DataDrivenTest.verifyLoginUnsuccessfulWithInvalidCredentials(DataDrivenTest.java:15)
at java.base/jdk.internal.reflect.NativeMethodAccessorImpl.invoke0(Native Method)
at java.base/jdk.internal.reflect.NativeMethodAccessorImpl.invoke(NativeMethodAccessorImpl.java:62)
at java.base/jdk.internal.reflect.DelegatingMethodAccessorImpl.invoke(DelegatingMethodAccessorImpl.java:43)
at java.base/java.lang.reflect.Method.invoke(Method.java:566)
at org.testng.internal.MethodInvocationHelper.invokeMethod(MethodInvocationHelper.java:133)
at org.testng.internal.TestInvoker.invokeMethod(TestInvoker.java:598)
at org.testng.internal.TestInvoker.invokeTestMethod(TestInvoker.java:173)
at org.testng.internal.MethodRunner.runInSequence(MethodRunner.java:46)
at org.testng.internal.TestInvoker$MethodInvocationAgent.invoke(TestInvoker.java:824)
at org.testng.internal.TestInvoker.invokeTestMethods(TestInvoker.java:146)
at org.testng.internal.TestMethodWorker.invokeTestMethods(TestMethodWorker.java:146)
at org.testng.internal.TestMethodWorker.run(TestMethodWorker.java:128)
at java.base/java.util.ArrayList.forEach(ArrayList.java:1541)
at org.testng.TestRunner.privateRun(TestRunner.java:794)
at org.testng.TestRunner.run(TestRunner.java:596)
at org.testng.SuiteRunner.runTest(SuiteRunner.java:377)
at org.testng.SuiteRunner.runSequentially(SuiteRunner.java:371)
at org.testng.SuiteRunner.privateRun(SuiteRunner.java:332)
at org.testng.SuiteRunner.run(SuiteRunner.java:276)
at org.testng.SuiteRunnerWorker.runSuite(SuiteRunnerWorker.java:53)
at org.testng.SuiteRunnerWorker.run(SuiteRunnerWorker.java:96)
at org.testng.TestNG.runSuitesSequentially(TestNG.java:1212)
at org.testng.TestNG.runSuitesLocally(TestNG.java:1134)
at org.testng.TestNG.runSuites(TestNG.java:1063)
at org.testng.TestNG.run(TestNG.java:1031)
at org.apache.maven.surefire.testng.TestNGExecutor.run(TestNGExecutor.java:77)
at org.apache.maven.surefire.testng.TestNGDirectoryTestSuite.executeMulti(TestNGDirectoryTestSuite.java:159)
at org.apache.maven.surefire.testng.TestNGDirectoryTestSuite.execute(TestNGDirectoryTestSuite.java:99)
at org.apache.maven.surefire.testng.TestNGProvider.invoke(TestNGProvider.java:106)
at java.base/jdk.internal.reflect.NativeMethodAccessorImpl.invoke0(Native Method)
at java.base/jdk.internal.reflect.NativeMethodAccessorImpl.invoke(NativeMethodAccessorImpl.java:62)
at java.base/jdk.internal.reflect.DelegatingMethodAccessorImpl.invoke(DelegatingMethodAccessorImpl.java:43)
at java.base/java.lang.reflect.Method.invoke(Method.java:566)
at org.apache.maven.surefire.util.ReflectionUtils.invokeMethodWithArray(ReflectionUtils.java:189)
at org.apache.maven.surefire.booter.ProviderFactory$ProviderProxy.invoke(ProviderFactory.java:165)
at org.apache.maven.surefire.booter.ProviderFactory.invokeProvider(ProviderFactory.java:85)
at org.apache.maven.surefire.booter.ForkedBooter.runSuitesInProcess(ForkedBooter.java:115)
at org.apache.maven.surefire.booter.ForkedBooter.main(ForkedBooter.java:75)
]]>
            </full-stacktrace>
          </exception> <!-- java.lang.AssertionError -->
          <reporter-output>
          </reporter-output>
        </test-method> <!-- verifyLoginUnsuccessfulWithInvalidCredentials -->
        <test-method signature="verifyLoginUnsuccessfulWithInvalidCredentials(java.lang.String,java.lang.String)[pri:0, instance:com.automation.testcases.DataDrivenTest@31190526]" started-at="2023-05-10T21:58:08 KGT" name="verifyLoginUnsuccessfulWithInvalidCredentials" data-provider="invalidData" finished-at="2023-05-10T21:58:08 KGT" duration-ms="1" status="PASS">
          <params>
            <param index="0">
              <value>
                <![CDATA[admin123]]>
              </value>
            </param>
            <param index="1">
              <value>
                <![CDATA[admin123]]>
              </value>
            </param>
          </params>
          <reporter-output>
          </reporter-output>
        </test-method> <!-- verifyLoginUnsuccessfulWithInvalidCredentials -->
        <test-method signature="verifyLoginUnsuccessfulWithInvalidCredentials(java.lang.String,java.lang.String)[pri:0, instance:com.automation.testcases.DataDrivenTest@31190526]" started-at="2023-05-10T21:58:08 KGT" name="verifyLoginUnsuccessfulWithInvalidCredentials" data-provider="invalidData" finished-at="2023-05-10T21:58:08 KGT" duration-ms="0" status="PASS">
          <params>
            <param index="0">
              <value>
                <![CDATA[chirag]]>
              </value>
            </param>
            <param index="1">
              <value>
                <![CDATA[admin123]]>
              </value>
            </param>
          </params>
          <reporter-output>
          </reporter-output>
        </test-method> <!-- verifyLoginUnsuccessfulWithInvalidCredentials -->
        <test-method signature="verifyLoginUnsuccessfulWithInvalidCredentials(java.lang.String,java.lang.String)[pri:0, instance:com.automation.testcases.DataDrivenTest@31190526]" started-at="2023-05-10T21:58:08 KGT" name="verifyLoginUnsuccessfulWithInvalidCredentials" data-provider="invalidData" finished-at="2023-05-10T21:58:08 KGT" duration-ms="0" status="PASS">
          <params>
            <param index="0">
              <value>
                <![CDATA[admin]]>
              </value>
            </param>
            <param index="1">
              <value>
                <![CDATA[devx@123]]>
              </value>
            </param>
          </params>
          <reporter-output>
          </reporter-output>
        </test-method> <!-- verifyLoginUnsuccessfulWithInvalidCredentials -->
        <test-method signature="verifyLoginUnsuccessfulWithInvalidCredentials(java.lang.String,java.lang.String)[pri:0, instance:com.automation.testcases.DataDrivenTest@31190526]" started-at="2023-05-10T21:58:08 KGT" name="verifyLoginUnsuccessfulWithInvalidCredentials" data-provider="invalidData" finished-at="2023-05-10T21:58:08 KGT" duration-ms="0" status="PASS">
          <params>
            <param index="0">
              <value>
                <![CDATA[admin]]>
              </value>
            </param>
            <param index="1">
              <value>
                <![CDATA[admin@123]]>
              </value>
            </param>
          </params>
          <reporter-output>
          </reporter-output>
        </test-method> <!-- verifyLoginUnsuccessfulWithInvalidCredentials -->
        <test-method signature="verifyLoginUnsuccessfulWithInvalidCredentials(java.lang.String,java.lang.String)[pri:0, instance:com.automation.testcases.DataDrivenTest@31190526]" started-at="2023-05-10T21:58:08 KGT" name="verifyLoginUnsuccessfulWithInvalidCredentials" data-provider="invalidData" finished-at="2023-05-10T21:58:08 KGT" duration-ms="0" status="PASS">
          <params>
            <param index="0">
              <value>
                <![CDATA[devx]]>
              </value>
            </param>
            <param index="1">
              <value>
                <![CDATA[devx@123]]>
              </value>
            </param>
          </params>
          <reporter-output>
          </reporter-output>
        </test-method> <!-- verifyLoginUnsuccessfulWithInvalidCredentials -->
      </class> <!-- com.automation.testcases.DataDrivenTest -->
      <class name="com.automation.testcases.SearchFunctionalityTest">
        <test-method is-config="true" signature="setUp()[pri:0, instance:com.automation.testcases.SearchFunctionalityTest@3eb25e1a]" started-at="2023-05-10T21:58:14 KGT" name="setUp" finished-at="2023-05-10T21:58:20 KGT" duration-ms="5623" status="PASS">
          <reporter-output>
          </reporter-output>
        </test-method> <!-- setUp -->
        <test-method signature="verifyMessageWhenThereAreNoResult()[pri:0, instance:com.automation.testcases.SearchFunctionalityTest@3eb25e1a]" started-at="2023-05-10T21:58:20 KGT" name="verifyMessageWhenThereAreNoResult" finished-at="2023-05-10T21:58:20 KGT" duration-ms="0" status="PASS">
          <reporter-output>
          </reporter-output>
        </test-method> <!-- verifyMessageWhenThereAreNoResult -->
        <test-method signature="verifySearchResultAreDisplayed()[pri:0, instance:com.automation.testcases.SearchFunctionalityTest@3eb25e1a]" started-at="2023-05-10T21:58:20 KGT" name="verifySearchResultAreDisplayed" finished-at="2023-05-10T21:58:20 KGT" duration-ms="0" status="PASS">
          <reporter-output>
          </reporter-output>
        </test-method> <!-- verifySearchResultAreDisplayed -->
        <test-method signature="verifySearchResultHasSearchKeyword()[pri:0, instance:com.automation.testcases.SearchFunctionalityTest@3eb25e1a]" started-at="2023-05-10T21:58:20 KGT" name="verifySearchResultHasSearchKeyword" finished-at="2023-05-10T21:58:20 KGT" duration-ms="1" status="PASS">
          <reporter-output>
          </reporter-output>
        </test-method> <!-- verifySearchResultHasSearchKeyword -->
        <test-method is-config="true" signature="cleanUp()[pri:0, instance:com.automation.testcases.SearchFunctionalityTest@3eb25e1a]" started-at="2023-05-10T21:58:20 KGT" name="cleanUp" finished-at="2023-05-10T21:58:20 KGT" duration-ms="370" status="PASS">
          <reporter-output>
          </reporter-output>
        </test-method> <!-- cleanUp -->
      </class> <!-- com.automation.testcases.SearchFunctionalityTest -->
      <class name="com.automation.testcases.MulTest">
        <test-method is-config="true" signature="setUp()[pri:0, instance:com.automation.testcases.MulTest@662ac478]" started-at="2023-05-10T21:58:08 KGT" name="setUp" finished-at="2023-05-10T21:58:14 KGT" duration-ms="5610" status="PASS">
          <reporter-output>
          </reporter-output>
        </test-method> <!-- setUp -->
        <test-method signature="testPositive()[pri:0, instance:com.automation.testcases.MulTest@662ac478]" started-at="2023-05-10T21:58:14 KGT" name="testPositive" finished-at="2023-05-10T21:58:14 KGT" duration-ms="0" status="PASS">
          <reporter-output>
          </reporter-output>
        </test-method> <!-- testPositive -->
        <test-method signature="testWithNegativeNumber()[pri:0, instance:com.automation.testcases.MulTest@662ac478]" started-at="2023-05-10T21:58:14 KGT" name="testWithNegativeNumber" finished-at="2023-05-10T21:58:14 KGT" duration-ms="0" status="PASS">
          <reporter-output>
          </reporter-output>
        </test-method> <!-- testWithNegativeNumber -->
        <test-method signature="testWithTwoNegativeNumber()[pri:0, instance:com.automation.testcases.MulTest@662ac478]" started-at="2023-05-10T21:58:14 KGT" name="testWithTwoNegativeNumber" finished-at="2023-05-10T21:58:14 KGT" duration-ms="0" status="PASS">
          <reporter-output>
          </reporter-output>
        </test-method> <!-- testWithTwoNegativeNumber -->
        <test-method is-config="true" signature="cleanUp()[pri:0, instance:com.automation.testcases.MulTest@662ac478]" started-at="2023-05-10T21:58:14 KGT" name="cleanUp" finished-at="2023-05-10T21:58:14 KGT" duration-ms="510" status="PASS">
          <reporter-output>
          </reporter-output>
        </test-method> <!-- cleanUp -->
        <test-method signature="testWithZero()[pri:0, instance:com.automation.testcases.MulTest@662ac478]" started-at="2023-05-10T21:58:14 KGT" name="testWithZero" finished-at="2023-05-10T21:58:14 KGT" duration-ms="0" status="PASS">
          <reporter-output>
          </reporter-output>
        </test-method> <!-- testWithZero -->
      </class> <!-- com.automation.testcases.MulTest -->
      <class name="com.automation.testcases.CartPageTest">
        <test-method is-config="true" signature="setUp()[pri:0, instance:com.automation.testcases.CartPageTest@7e6f74c]" started-at="2023-05-10T21:57:54 KGT" name="setUp" finished-at="2023-05-10T21:58:01 KGT" duration-ms="7118" status="PASS">
          <reporter-output>
          </reporter-output>
        </test-method> <!-- setUp -->
        <test-method signature="verifyUserCanAddProductToCart()[pri:0, instance:com.automation.testcases.CartPageTest@7e6f74c]" started-at="2023-05-10T21:58:01 KGT" name="verifyUserCanAddProductToCart" finished-at="2023-05-10T21:58:01 KGT" duration-ms="1" status="PASS">
          <reporter-output>
          </reporter-output>
        </test-method> <!-- verifyUserCanAddProductToCart -->
        <test-method signature="verifyUserCanRemoveItemFromCart()[pri:0, instance:com.automation.testcases.CartPageTest@7e6f74c]" started-at="2023-05-10T21:58:01 KGT" name="verifyUserCanRemoveItemFromCart" finished-at="2023-05-10T21:58:01 KGT" duration-ms="0" status="PASS">
          <reporter-output>
          </reporter-output>
        </test-method> <!-- verifyUserCanRemoveItemFromCart -->
        <test-method signature="verifyUserCanChangeQuantityOfItem()[pri:0, instance:com.automation.testcases.CartPageTest@7e6f74c]" started-at="2023-05-10T21:58:01 KGT" name="verifyUserCanChangeQuantityOfItem" finished-at="2023-05-10T21:58:01 KGT" duration-ms="0" status="PASS">
          <reporter-output>
          </reporter-output>
        </test-method> <!-- verifyUserCanChangeQuantityOfItem -->
        <test-method is-config="true" signature="cleanUp()[pri:0, instance:com.automation.testcases.CartPageTest@7e6f74c]" started-at="2023-05-10T21:58:01 KGT" name="cleanUp" finished-at="2023-05-10T21:58:02 KGT" duration-ms="595" status="PASS">
          <reporter-output>
          </reporter-output>
        </test-method> <!-- cleanUp -->
      </class> <!-- com.automation.testcases.CartPageTest -->
    </test> <!-- Command line test -->
  </suite> <!-- Command line suite -->
</testng-results>
